#
# There is insufficient memory for the Java Runtime Environment to continue.
# Native memory allocation (mmap) failed to map 134217728 bytes for Failed to commit area from 0x0000000081800000 to 0x0000000089800000 of length 134217728.
# Possible reasons:
#   The system is out of physical RAM or swap space
#   The process is running with CompressedOops enabled, and the Java Heap may be blocking the growth of the native heap
# Possible solutions:
#   Reduce memory load on the system
#   Increase physical memory or swap space
#   Check if swap backing store is full
#   Decrease Java heap size (-Xmx/-Xms)
#   Decrease number of Java threads
#   Decrease Java thread stack sizes (-Xss)
#   Set larger code cache with -XX:ReservedCodeCacheSize=
# This output file may be truncated or incomplete.
#
#  Out of Memory Error (./src/hotspot/os/windows/os_windows.cpp:3303), pid=13728, tid=16152
#
# JRE version:  (11.0.8+10) (build )
# Java VM: OpenJDK 64-Bit Server VM (11.0.8+10-b944.6842174, mixed mode, sharing, tiered, compressed oops, g1 gc, windows-amd64)
# No core dump will be written. Minidumps are not enabled by default on client versions of Windows
#

---------------  S U M M A R Y ------------

Command Line: org.jetbrains.git4idea.http.GitAskPassApp Username for 'https://github.com': 

Host: Intel(R) Core(TM) i5-7200U CPU @ 2.50GHz, 4 cores, 7G,  Windows 10 , 64 bit Build 19041 (10.0.19041.1023)
Time: Tue Jul 27 17:59:40 2021 GMT Daylight Time elapsed time: 0 seconds (0d 0h 0m 0s)

---------------  T H R E A D  ---------------

Current thread (0x0000029aba21b000):  JavaThread "Unknown thread" [_thread_in_vm, id=16152, stack(0x0000009b40500000,0x0000009b40600000)]

Stack: [0x0000009b40500000,0x0000009b40600000]
Native frames: (J=compiled Java code, j=interpreted, Vv=VM code, C=native code)
V  [jvm.dll+0x5de50a]
V  [jvm.dll+0x7122f5]
V  [jvm.dll+0x71384d]
V  [jvm.dll+0x713f03]
V  [jvm.dll+0x23e728]
V  [jvm.dll+0x5db9a4]
V  [jvm.dll+0x5d0ae5]
V  [jvm.dll+0x2fb20b]
V  [jvm.dll+0x2fb17a]
V  [jvm.dll+0x2fb052]
V  [jvm.dll+0x2fff16]
V  [jvm.dll+0x348743]
V  [jvm.dll+0x348e46]
V  [jvm.dll+0x348843]
V  [jvm.dll+0x2d5d68]
V  [jvm.dll+0x2d6f07]
V  [jvm.dll+0x6f11f7]
V  [jvm.dll+0x6f29ec]
V  [jvm.dll+0x355cb9]
V  [jvm.dll+0x6d4ade]
V  [jvm.dll+0x3bdfe3]
V  [jvm.dll+0x3c0201]
C  [jli.dll+0x5373]
C  [ucrtbase.dll+0x21bb2]
C  [KERNEL32.DLL+0x17034]
C  [ntdll.dll+0x52651]


---------------  P R O C E S S  ---------------

Threads class SMR info:
_java_thread_list=0x0000029ab8760700, length=0, elements={
}

Java Threads: ( => current thread )

Other Threads:
  0x0000029aba232000 GCTaskThread "GC Thread#0" [stack: 0x0000009b40600000,0x0000009b40700000] [id=15692]
  0x0000029aba264000 ConcurrentGCThread "G1 Main Marker" [stack: 0x0000009b40700000,0x0000009b40800000] [id=13876]
  0x0000029aba266800 ConcurrentGCThread "G1 Conc#0" [stack: 0x0000009b40800000,0x0000009b40900000] [id=9248]

[error occurred during error reporting (printing all threads), id 0xc0000005, EXCEPTION_ACCESS_VIOLATION (0xc0000005) at pc=0x00007fff602d6357]

VM state:not at safepoint (not fully initialized)

VM Mutex/Monitor currently owned by a thread:  ([mutex/lock_event])
[0x0000029aba217560] Heap_lock - owner thread: 0x0000029aba21b000

Heap address: 0x0000000081800000, size: 2024 MB, Compressed Oops mode: Non-zero based: 0x0000000081800000
Narrow klass base: 0x0000000000000000, Narrow klass shift: 0

GC Heap History (0 events):
No events

Deoptimization events (0 events):
No events

Classes redefined (0 events):
No events

Internal exceptions (0 events):
No events

Events (1 events):
Event: 0.214 Loaded shared library C:\Program Files\Android\Android Studio\jre\bin\zip.dll


Dynamic libraries:
0x00007ff702290000 - 0x00007ff70229a000 	C:\Program Files\Android\Android Studio\jre\bin\java.exe
0x00007fffbf490000 - 0x00007fffbf685000 	C:\WINDOWS\SYSTEM32\ntdll.dll
0x00007fffbdf70000 - 0x00007fffbe02d000 	C:\WINDOWS\System32\KERNEL32.DLL
0x00007fffbcf70000 - 0x00007fffbd239000 	C:\WINDOWS\System32\KERNELBASE.dll
0x00007fffbcbd0000 - 0x00007fffbccd0000 	C:\WINDOWS\System32\ucrtbase.dll
0x00007fffaa740000 - 0x00007fffaa757000 	C:\Program Files\Android\Android Studio\jre\bin\VCRUNTIME140.dll
0x00007fff9bcd0000 - 0x00007fff9bce9000 	C:\Program Files\Android\Android Studio\jre\bin\jli.dll
0x00007fffbd630000 - 0x00007fffbd7d0000 	C:\WINDOWS\System32\USER32.dll
0x00007fffbcf40000 - 0x00007fffbcf62000 	C:\WINDOWS\System32\win32u.dll
0x00007fffbf240000 - 0x00007fffbf26a000 	C:\WINDOWS\System32\GDI32.dll
0x00007fffa1210000 - 0x00007fffa14aa000 	C:\WINDOWS\WinSxS\amd64_microsoft.windows.common-controls_6595b64144ccf1df_6.0.19041.1083_none_60bbe31371f34e71\COMCTL32.dll
0x00007fffbd2e0000 - 0x00007fffbd3eb000 	C:\WINDOWS\System32\gdi32full.dll
0x00007fffbd240000 - 0x00007fffbd2dd000 	C:\WINDOWS\System32\msvcp_win.dll
0x00007fffbdc70000 - 0x00007fffbdd0e000 	C:\WINDOWS\System32\msvcrt.dll
0x00007fffbdc40000 - 0x00007fffbdc70000 	C:\WINDOWS\System32\IMM32.DLL
0x00007fff86d80000 - 0x00007fff86e1d000 	C:\Program Files\Android\Android Studio\jre\bin\msvcp140.dll
0x00007fff5fff0000 - 0x00007fff60aac000 	C:\Program Files\Android\Android Studio\jre\bin\server\jvm.dll
0x00007fffbe2a0000 - 0x00007fffbe34c000 	C:\WINDOWS\System32\ADVAPI32.dll
0x00007fffbf3b0000 - 0x00007fffbf44b000 	C:\WINDOWS\System32\sechost.dll
0x00007fffbefa0000 - 0x00007fffbf0ca000 	C:\WINDOWS\System32\RPCRT4.dll
0x00007fffbe030000 - 0x00007fffbe038000 	C:\WINDOWS\System32\PSAPI.DLL
0x00007fffb4d50000 - 0x00007fffb4d59000 	C:\WINDOWS\SYSTEM32\WSOCK32.dll
0x00007fffa6c30000 - 0x00007fffa6c57000 	C:\WINDOWS\SYSTEM32\WINMM.dll
0x00007fffb4280000 - 0x00007fffb428a000 	C:\WINDOWS\SYSTEM32\VERSION.dll
0x00007fffbdf00000 - 0x00007fffbdf6b000 	C:\WINDOWS\System32\ws2_32.DLL
0x00007fffbaa20000 - 0x00007fffbaa32000 	C:\WINDOWS\SYSTEM32\kernel.appcore.dll
0x00007fffae2d0000 - 0x00007fffae2e1000 	C:\Program Files\Android\Android Studio\jre\bin\verify.dll
0x00007fffb2c80000 - 0x00007fffb2e64000 	C:\WINDOWS\SYSTEM32\DBGHELP.DLL
0x00007fffb1020000 - 0x00007fffb104c000 	C:\WINDOWS\SYSTEM32\dbgcore.DLL
0x00007fffbd3f0000 - 0x00007fffbd473000 	C:\WINDOWS\System32\bcryptPrimitives.dll
0x00007fffae2a0000 - 0x00007fffae2c9000 	C:\Program Files\Android\Android Studio\jre\bin\java.dll
0x00007fffb7570000 - 0x00007fffb757b000 	C:\Program Files\Android\Android Studio\jre\bin\jimage.dll
0x00007fffaa760000 - 0x00007fffaa778000 	C:\Program Files\Android\Android Studio\jre\bin\zip.dll

dbghelp: loaded successfully - version: 4.0.5 - missing functions: none
symbol engine: initialized successfully - sym options: 0x614 - pdb path: .;C:\Program Files\Android\Android Studio\jre\bin;C:\WINDOWS\SYSTEM32;C:\WINDOWS\WinSxS\amd64_microsoft.windows.common-controls_6595b64144ccf1df_6.0.19041.1083_none_60bbe31371f34e71;C:\Program Files\Android\Android Studio\jre\bin\server

VM Arguments:
java_command: org.jetbrains.git4idea.http.GitAskPassApp Username for 'https://github.com': 
java_class_path (initial): C:/Program Files/Android/Android Studio/plugins/git4idea/lib/git4idea-rt.jar;C:/Program Files/Android/Android Studio/lib/xmlrpc-2.0.1.jar;C:/Program Files/Android/Android Studio/lib/commons-codec-1.14.jar
Launcher Type: SUN_STANDARD

[Global flags]
     intx CICompilerCount                          = 3                                         {product} {ergonomic}
     uint ConcGCThreads                            = 1                                         {product} {ergonomic}
     uint G1ConcRefinementThreads                  = 4                                         {product} {ergonomic}
   size_t G1HeapRegionSize                         = 1048576                                   {product} {ergonomic}
    uintx GCDrainStackTargetSize                   = 64                                        {product} {ergonomic}
   size_t InitialHeapSize                          = 134217728                                 {product} {ergonomic}
   size_t MarkStackSize                            = 4194304                                   {product} {ergonomic}
   size_t MaxHeapSize                              = 2122317824                                {product} {ergonomic}
   size_t MinHeapDeltaBytes                        = 1048576                                   {product} {ergonomic}
    uintx NonNMethodCodeHeapSize                   = 5830732                                {pd product} {ergonomic}
    uintx NonProfiledCodeHeapSize                  = 122913754                              {pd product} {ergonomic}
    uintx ProfiledCodeHeapSize                     = 122913754                              {pd product} {ergonomic}
    uintx ReservedCodeCacheSize                    = 251658240                              {pd product} {ergonomic}
     bool SegmentedCodeCache                       = true                                      {product} {ergonomic}
     bool UseCompressedClassPointers               = true                                 {lp64_product} {ergonomic}
     bool UseCompressedOops                        = true                                 {lp64_product} {ergonomic}
     bool UseG1GC                                  = true                                      {product} {ergonomic}
     bool UseLargePagesIndividualAllocation        = false                                  {pd product} {ergonomic}

Logging:
Log output configuration:
 #0: stdout all=warning uptime,level,tags
 #1: stderr all=off uptime,level,tags

Environment Variables:
JAVA_HOME=C:\Program Files\Java\jdk-15.0.2
PATH=C:/Program Files/Git/mingw64/libexec/git-core;C:/Program Files/Git/mingw64/libexec/git-core;C:\Program Files\Git\mingw64\bin;C:\Program Files\Git\usr\bin;C:\Users\Samuel\bin;C:\Program Files\Common Files\Oracle\Java\javapath;C:\Program Files (x86)\Common Files\Oracle\Java\javapath;C:\Windows\system32;C:\Windows;C:\Windows\System32\Wbem;C:\Windows\System32\WindowsPowerShell\v1.0\;C:\Program Files (x86)\NVIDIA Corporation\PhysX\Common;C:\Program Files\Intel\WiFi\bin\;C:\Program Files\Common Files\Intel\WirelessCommon\;C:\WINDOWS\system32;C:\WINDOWS;C:\WINDOWS\System32\Wbem;C:\WINDOWS\System32\WindowsPowerShell\v1.0\;C:\WINDOWS\System32\OpenSSH\;C:\Program Files\NVIDIA Corporation\NVIDIA NvDLISR;C:\Program Files\Java\jdk-15.0.2\bin;C:\Program Files\Git\cmd;C:\ProgramData\chocolatey\bin;C:\Users\Samuel\AppData\Local\Microsoft\WindowsApps;C:\Users\Samuel\AppData\Local\GitHubDesktop\bin;C:\Users\Samuel\AppData\Local\Programs\Microsoft VS Code\bin
USERNAME=Samuel
DISPLAY=:0.0
LC_ALL=en_US.UTF-8
OS=Windows_NT
PROCESSOR_IDENTIFIER=Intel64 Family 6 Model 142 Stepping 9, GenuineIntel



---------------  S Y S T E M  ---------------

OS: Windows 10 , 64 bit Build 19041 (10.0.19041.1023)
OS uptime: 9 days 22:46 hours

CPU:total 4 (initial active 4) (2 cores per cpu, 2 threads per core) family 6 model 142 stepping 9, cmov, cx8, fxsr, mmx, sse, sse2, sse3, ssse3, sse4.1, sse4.2, popcnt, avx, avx2, aes, clmul, erms, 3dnowpref, lzcnt, ht, tsc, tscinvbit, bmi1, bmi2, adx, fma

Memory: 4k page, system-wide physical 8092M (174M free)
TotalPageFile size 16092M (AvailPageFile size 113M)
current process WorkingSet (physical memory assigned to process): 9M, peak: 9M
current process commit charge ("private bytes"): 51M, peak: 179M

vm_info: OpenJDK 64-Bit Server VM (11.0.8+10-b944.6842174) for windows-amd64 JRE (11.0.8+10-b944.6842174), built on Sep 19 2020 01:11:42 by "builder" with MS VC++ 14.0 (VS2015)

END.
